0 info it worked if it ends with ok
1 verbose cli [ '/usr/local/bin/node', '/usr/local/bin/npm', 'run', 'demo' ]
2 info using npm@3.10.5
3 info using node@v5.11.1
4 verbose run-script [ 'predemo', 'demo', 'postdemo' ]
5 info lifecycle AsyncValidator@0.0.1~predemo: AsyncValidator@0.0.1
6 silly lifecycle AsyncValidator@0.0.1~predemo: no script for predemo, continuing
7 info lifecycle AsyncValidator@0.0.1~demo: AsyncValidator@0.0.1
8 verbose lifecycle AsyncValidator@0.0.1~demo: unsafe-perm in lifecycle true
9 verbose lifecycle AsyncValidator@0.0.1~demo: PATH: /usr/local/lib/node_modules/npm/bin/node-gyp-bin:/Users/qitmac000459/Documents/MyPro/AsyncValidator/node_modules/.bin:/usr/local/bin:/Library/Frameworks/Python.framework/Versions/2.7/bin:/usr/local/bin:/usr/bin:/bin:/usr/sbin:/sbin
10 verbose lifecycle AsyncValidator@0.0.1~demo: CWD: /Users/qitmac000459/Documents/MyPro/AsyncValidator
11 silly lifecycle AsyncValidator@0.0.1~demo: Args: [ '-c', 'gulp demo' ]
12 silly lifecycle AsyncValidator@0.0.1~demo: Returned: code: 1  signal: null
13 info lifecycle AsyncValidator@0.0.1~demo: Failed to exec demo script
14 verbose stack Error: AsyncValidator@0.0.1 demo: `gulp demo`
14 verbose stack Exit status 1
14 verbose stack     at EventEmitter.<anonymous> (/usr/local/lib/node_modules/npm/lib/utils/lifecycle.js:242:16)
14 verbose stack     at emitTwo (events.js:100:13)
14 verbose stack     at EventEmitter.emit (events.js:185:7)
14 verbose stack     at ChildProcess.<anonymous> (/usr/local/lib/node_modules/npm/lib/utils/spawn.js:40:14)
14 verbose stack     at emitTwo (events.js:100:13)
14 verbose stack     at ChildProcess.emit (events.js:185:7)
14 verbose stack     at maybeClose (internal/child_process.js:850:16)
14 verbose stack     at Process.ChildProcess._handle.onexit (internal/child_process.js:215:5)
15 verbose pkgid AsyncValidator@0.0.1
16 verbose cwd /Users/qitmac000459/Documents/MyPro/AsyncValidator
17 error Darwin 15.2.0
18 error argv "/usr/local/bin/node" "/usr/local/bin/npm" "run" "demo"
19 error node v5.11.1
20 error npm  v3.10.5
21 error code ELIFECYCLE
22 error AsyncValidator@0.0.1 demo: `gulp demo`
22 error Exit status 1
23 error Failed at the AsyncValidator@0.0.1 demo script 'gulp demo'.
23 error Make sure you have the latest version of node.js and npm installed.
23 error If you do, this is most likely a problem with the AsyncValidator package,
23 error not with npm itself.
23 error Tell the author that this fails on your system:
23 error     gulp demo
23 error You can get information on how to open an issue for this project with:
23 error     npm bugs AsyncValidator
23 error Or if that isn't available, you can get their info via:
23 error     npm owner ls AsyncValidator
23 error There is likely additional logging output above.
24 verbose exit [ 1, true ]
